<?xml version="1.0" encoding="UTF-8"?>
<!-- Generated by org.testng.reporters.JUnitReportReporter -->
<testsuite hostname="Anshika" failures="0" tests="1" name="TestRunner.RunTest" time="38.793" errors="0" timestamp="2024-03-03T18:23:34 IST" skipped="0">
  <testcase classname="TestRunner.RunTest" name="runScenario" time="38.793"/>
</testsuite> <!-- TestRunner.RunTest -->
