<?xml version="1.0" encoding="UTF-8"?>
<!-- Generated by org.testng.reporters.JUnitReportReporter -->
<testsuite hostname="Anshika" failures="0" tests="2" name="TestRunner.Run" time="25.946" errors="0" timestamp="2024-03-02T13:06:12 IST" skipped="0">
  <testcase classname="TestRunner.Run" name="runScenario" time="17.278"/>
  <testcase classname="TestRunner.Run" name="runScenario" time="8.668"/>
</testsuite> <!-- TestRunner.Run -->
