<?xml version="1.0" encoding="UTF-8"?>
<!-- Generated by org.testng.reporters.JUnitReportReporter -->
<testsuite hostname="Anshika" failures="0" tests="1" name="TestRunner.RunTests" time="19.046" errors="0" timestamp="2024-03-02T20:18:47 IST" skipped="0">
  <testcase classname="TestRunner.RunTests" name="runScenario" time="19.046"/>
</testsuite> <!-- TestRunner.RunTests -->
