<?xml version="1.0" encoding="UTF-8"?>
<!-- Generated by org.testng.reporters.JUnitReportReporter -->
<testsuite hostname="Anshika" failures="0" tests="1" name="TestRunner.RunTest" time="20.064" errors="0" timestamp="2024-03-03T18:25:02 IST" skipped="0">
  <testcase classname="TestRunner.RunTest" name="runScenario" time="20.064"/>
</testsuite> <!-- TestRunner.RunTest -->
